<?xml version="1.0" encoding="UTF-8"?>
<!-- Generated by org.testng.reporters.JUnitXMLReporter -->
<testsuite ignored="1" hostname="LAPTOP-EBL30HHN" failures="1" tests="2" name="Surefire test" time="6.515" errors="0" timestamp="2025-09-02T15:51:35 IST">
  <testcase classname="Tests.TestGoogle" name="invalidLogin" time="1.397">
    <skipped/>
  </testcase> <!-- invalidLogin -->
  <testcase classname="Tests.TestGoogle" name="invalidLogin" time="1.305">
    <failure type="java.lang.AssertionError" message="
expected: &amp;quot;Incorrect email o password.&amp;quot;
 but was: &amp;quot;Incorrect email or password.&amp;quot;">
      <![CDATA[java.lang.AssertionError: 
expected: "Incorrect email o password."
 but was: "Incorrect email or password."
at Tests.TestGoogle.invalidLogin(TestGoogle.java:23)
at java.base/java.util.ArrayList.forEach(ArrayList.java:1596)
... Removed 30 stack frames]]>
    </failure>
  </testcase> <!-- invalidLogin -->
  <testcase classname="Tests.TestGoogle" name="testGoogle" time="0.0">
    <ignored/>
  </testcase> <!-- testGoogle -->
</testsuite> <!-- Surefire test -->
