<?xml version="1.0" encoding="UTF-8"?>
<!-- Generated by org.testng.reporters.JUnitXMLReporter -->
<testsuite ignored="1" hostname="LAPTOP-EBL30HHN" failures="0" tests="2" name="Test" time="10.554" errors="0" timestamp="2025-09-02T15:05:39 IST">
  <testcase classname="Tests.TestGoogle" name="testGoogle" time="0.338"/>
  <testcase classname="Tests.TestGoogle" name="testGoogle" time="0.267"/>
  <testcase classname="Tests.TestGoogle" name="invalidLogin" time="0.0">
    <ignored/>
  </testcase> <!-- invalidLogin -->
</testsuite> <!-- Test -->
