<?xml version="1.0" encoding="UTF-8"?>
<!-- Generated by org.testng.reporters.JUnitXMLReporter -->
<testsuite ignored="0" hostname="LAPTOP-EBL30HHN" failures="1" tests="4" name="Test" time="23.506" errors="0" timestamp="2025-09-02T15:44:22 IST">
  <testcase classname="Tests.TestGoogle" name="invalidLogin" time="1.359">
    <skipped/>
  </testcase> <!-- invalidLogin -->
  <testcase classname="Tests.TestGoogle" name="invalidLogin" time="1.202">
    <failure type="java.lang.AssertionError" message="
expected: &amp;quot;Incorrect email o password.&amp;quot;
 but was: &amp;quot;Incorrect email or password.&amp;quot;">
      <![CDATA[java.lang.AssertionError: 
expected: "Incorrect email o password."
 but was: "Incorrect email or password."
at Tests.TestGoogle.invalidLogin(TestGoogle.java:23)
at java.base/java.util.ArrayList.forEach(ArrayList.java:1596)
at java.base/java.util.concurrent.FutureTask.run(FutureTask.java:317)
at java.base/java.util.concurrent.ThreadPoolExecutor.runWorker(ThreadPoolExecutor.java:1144)
at java.base/java.util.concurrent.ThreadPoolExecutor$Worker.run(ThreadPoolExecutor.java:642)
at java.base/java.lang.Thread.run(Thread.java:1583)
... Removed 15 stack frames]]>
    </failure>
  </testcase> <!-- invalidLogin -->
  <testcase classname="Tests.TestGoogle" name="testGoogle" time="0.272"/>
  <testcase classname="Tests.TestGoogle" name="testGoogle" time="0.298"/>
</testsuite> <!-- Test -->
