<?xml version="1.0" encoding="UTF-8"?>
<testng-results ignored="0" total="2" passed="2" failed="0" skipped="0">
  <reporter-output>
  </reporter-output>
  <suite started-at="2025-09-02T15:05:28 IST" name="Suite" finished-at="2025-09-02T15:05:39 IST" duration-ms="10554">
    <groups>
      <group name="smoke">
        <method signature="TestGoogle.testGoogle(java.lang.String,java.lang.String)[pri:0, instance:Tests.TestGoogle@177bea38]" name="testGoogle" class="Tests.TestGoogle"/>
      </group> <!-- smoke -->
    </groups>
    <test started-at="2025-09-02T15:05:28 IST" name="Test" finished-at="2025-09-02T15:05:39 IST" duration-ms="10554">
      <class name="Tests.TestGoogle">
        <test-method is-config="true" signature="initBrowser(java.lang.String)[pri:0, instance:Tests.TestGoogle@177bea38]" started-at="2025-09-02T15:05:29 IST" name="initBrowser" finished-at="2025-09-02T15:05:33 IST" duration-ms="4247" status="PASS">
          <params>
            <param index="0">
              <value>
                <![CDATA[firefox]]>
              </value>
            </param>
          </params>
          <reporter-output>
          </reporter-output>
        </test-method> <!-- initBrowser -->
        <test-method signature="testGoogle(java.lang.String,java.lang.String)[pri:0, instance:Tests.TestGoogle@177bea38]" started-at="2025-09-02T15:05:33 IST" name="testGoogle" data-provider="userCredentials" finished-at="2025-09-02T15:05:34 IST" duration-ms="338" status="PASS">
          <params>
            <param index="0">
              <value>
                <![CDATA[anu@example.com]]>
              </value>
            </param>
            <param index="1">
              <value>
                <![CDATA[Anuj@291194]]>
              </value>
            </param>
          </params>
          <reporter-output>
          </reporter-output>
        </test-method> <!-- testGoogle -->
        <test-method is-config="true" signature="quitBrowser()[pri:0, instance:Tests.TestGoogle@177bea38]" started-at="2025-09-02T15:05:34 IST" name="quitBrowser" finished-at="2025-09-02T15:05:34 IST" duration-ms="795" status="PASS">
          <reporter-output>
          </reporter-output>
        </test-method> <!-- quitBrowser -->
        <test-method is-config="true" signature="initBrowser(java.lang.String)[pri:0, instance:Tests.TestGoogle@177bea38]" started-at="2025-09-02T15:05:34 IST" name="initBrowser" finished-at="2025-09-02T15:05:38 IST" duration-ms="3546" status="PASS">
          <params>
            <param index="0">
              <value>
                <![CDATA[firefox]]>
              </value>
            </param>
          </params>
          <reporter-output>
          </reporter-output>
        </test-method> <!-- initBrowser -->
        <test-method signature="testGoogle(java.lang.String,java.lang.String)[pri:0, instance:Tests.TestGoogle@177bea38]" started-at="2025-09-02T15:05:38 IST" name="testGoogle" data-provider="userCredentials" finished-at="2025-09-02T15:05:38 IST" duration-ms="267" status="PASS">
          <params>
            <param index="0">
              <value>
                <![CDATA[anu@example.com]]>
              </value>
            </param>
            <param index="1">
              <value>
                <![CDATA[Anuj@291194]]>
              </value>
            </param>
          </params>
          <reporter-output>
          </reporter-output>
        </test-method> <!-- testGoogle -->
        <test-method is-config="true" signature="quitBrowser()[pri:0, instance:Tests.TestGoogle@177bea38]" started-at="2025-09-02T15:05:38 IST" name="quitBrowser" finished-at="2025-09-02T15:05:39 IST" duration-ms="788" status="PASS">
          <reporter-output>
          </reporter-output>
        </test-method> <!-- quitBrowser -->
      </class> <!-- Tests.TestGoogle -->
    </test> <!-- Test -->
  </suite> <!-- Suite -->
</testng-results>
